<?xml version="1.0" encoding="UTF-8"?>
<testng-results skipped="0" failed="0" ignored="0" total="1" passed="1">
  <reporter-output>
  </reporter-output>
  <suite name="Default suite" duration-ms="44704" started-at="2020-07-07T10:49:17Z" finished-at="2020-07-07T10:50:02Z">
    <groups>
    </groups>
    <test name="Default test" duration-ms="44704" started-at="2020-07-07T10:49:17Z" finished-at="2020-07-07T10:50:02Z">
      <class name="com.crm.ObjectRerpo.AmazonTest">
        <test-method status="PASS" signature="amazonTest()[pri:0, instance:com.crm.ObjectRerpo.AmazonTest@d80b78]" name="amazonTest" duration-ms="44586" started-at="2020-07-07T10:49:17Z" finished-at="2020-07-07T10:50:02Z">
          <reporter-output>
          </reporter-output>
        </test-method> <!-- amazonTest -->
      </class> <!-- com.crm.ObjectRerpo.AmazonTest -->
    </test> <!-- Default test -->
  </suite> <!-- Default suite -->
</testng-results>
